<?xml version="1.0" encoding="UTF-8"?>
<testsuite xmlns:xsi="http://www.w3.org/2001/XMLSchema-instance" xsi:noNamespaceSchemaLocation="https://maven.apache.org/surefire/maven-surefire-plugin/xsd/surefire-test-report.xsd" name="ru.netology.manager.FilmManagerTest" time="0.063" tests="5" errors="0" skipped="0" failures="0">
  <properties>
[...]
</properties>
  <testcase name="mustShowValid" classname="ru.netology.manager.FilmManagerTest" time="0.035"/>
  <testcase name="shouldShowLast10Movies" classname="ru.netology.manager.FilmManagerTest" time="0"/>
  <testcase name="mustShowNothing" classname="ru.netology.manager.FilmManagerTest" time="0"/>
  <testcase name="shouldShowCustomMovieLength" classname="ru.netology.manager.FilmManagerTest" time="0"/>
  <testcase name="mustShowOverMax" classname="ru.netology.manager.FilmManagerTest" time="0"/>
</testsuite>